<?xml version="1.0" encoding="UTF-8"?>
<!-- Generated by org.testng.reporters.JUnitReportReporter -->
<testsuite skipped="0" hostname="INLN56579633A" name="WebAPIAutomation.WebAPIAutomation.Get401_DataProvider" tests="3" failures="0" timestamp="13 Nov 2018 09:58:46 GMT" time="3.935" errors="0">
  <testcase name="testGet401" time="1.032" classname="WebAPIAutomation.WebAPIAutomation.Get401_DataProvider"/>
  <testcase name="testGet401" time="1.046" classname="WebAPIAutomation.WebAPIAutomation.Get401_DataProvider"/>
  <testcase name="testGet401" time="1.857" classname="WebAPIAutomation.WebAPIAutomation.Get401_DataProvider"/>
</testsuite> <!-- WebAPIAutomation.WebAPIAutomation.Get401_DataProvider -->
