<?xml version="1.0" encoding="UTF-8"?>
<!-- Generated by org.testng.reporters.JUnitReportReporter -->
<testsuite skipped="0" hostname="INLN56579633A" name="WebAPIAutomation.WebAPIAutomation.Get404" tests="1" failures="0" timestamp="05 Nov 2018 09:14:05 GMT" time="2.181" errors="0">
  <testcase name="testGet404" time="2.181" classname="WebAPIAutomation.WebAPIAutomation.Get404"/>
</testsuite> <!-- WebAPIAutomation.WebAPIAutomation.Get404 -->
