<?xml version="1.0" encoding="UTF-8"?>
<!-- Generated by org.testng.reporters.JUnitReportReporter -->
<testsuite skipped="0" hostname="INLN56579633A" name="statusTest.Get200" tests="3" failures="0" timestamp="15 May 2019 06:24:30 GMT" time="5.586" errors="0">
  <testcase name="testrateLimits" time="2.319" classname="statusTest.Get200"/>
  <testcase name="testSearch" time="1.832" classname="statusTest.Get200"/>
  <testcase name="testGet200" time="1.435" classname="statusTest.Get200"/>
</testsuite> <!-- statusTest.Get200 -->
