<?xml version="1.0" encoding="UTF-8"?>
<!-- Generated by org.testng.reporters.JUnitReportReporter -->
<testsuite skipped="0" hostname="INLN56579633A" name="WebAPIAutomation.WebAPIAutomation.Get200" tests="3" failures="0" timestamp="13 Nov 2018 05:23:16 GMT" time="6.774" errors="0">
  <testcase name="testrateLimits" time="1.194" classname="WebAPIAutomation.WebAPIAutomation.Get200"/>
  <testcase name="testSearch" time="2.719" classname="WebAPIAutomation.WebAPIAutomation.Get200"/>
  <testcase name="testGet200" time="2.861" classname="WebAPIAutomation.WebAPIAutomation.Get200"/>
</testsuite> <!-- WebAPIAutomation.WebAPIAutomation.Get200 -->
