<?xml version="1.0" encoding="UTF-8"?>
<!-- Generated by org.testng.reporters.JUnitReportReporter -->
<testsuite skipped="0" hostname="INLN56579633A" name="statusTest.Get404" tests="1" failures="0" timestamp="16 Nov 2018 08:42:43 GMT" time="3.281" errors="0">
  <testcase name="testGet404" time="3.281" classname="statusTest.Get404"/>
</testsuite> <!-- statusTest.Get404 -->
